<html>
<head>
<title>TestNG:  Demo Test</title>
<link href="../testng.css" rel="stylesheet" type="text/css" />
<link href="../my-testng.css" rel="stylesheet" type="text/css" />

<style type="text/css">
.log { display: none;} 
.stack-trace { display: none;} 
</style>
<script type="text/javascript">
<!--
function flip(e) {
  current = e.style.display;
  if (current == 'block') {
    e.style.display = 'none';
    return 0;
  }
  else {
    e.style.display = 'block';
    return 1;
  }
}

function toggleBox(szDivId, elem, msg1, msg2)
{
  var res = -1;  if (document.getElementById) {
    res = flip(document.getElementById(szDivId));
  }
  else if (document.all) {
    // this is the way old msie versions work
    res = flip(document.all[szDivId]);
  }
  if(elem) {
    if(res == 0) elem.innerHTML = msg1; else elem.innerHTML = msg2;
  }

}

function toggleAllBoxes() {
  if (document.getElementsByTagName) {
    d = document.getElementsByTagName('div');
    for (i = 0; i < d.length; i++) {
      if (d[i].className == 'log') {
        flip(d[i]);
      }
    }
  }
}

// -->
</script>

</head>
<body>
<h2 align='center'>Demo Test</h2><table border='1' align="center">
<tr>
<td>Tests passed/Failed/Skipped:</td><td>5/0/0</td>
</tr><tr>
<td>Started on:</td><td>Sun Aug 29 10:05:31 IST 2021</td>
</tr>
<tr><td>Total time:</td><td>118 seconds (118040 ms)</td>
</tr><tr>
<td>Included groups:</td><td></td>
</tr><tr>
<td>Excluded groups:</td><td></td>
</tr>
</table><p/>
<small><i>(Hover the method name to see the test class name)</i></small><p/>
<table width='100%' border='1' class='invocation-failed'>
<tr><td colspan='4' align='center'><b>FAILED CONFIGURATIONS</b></td></tr>
<tr><td><b>Test method</b></td>
<td width="30%"><b>Exception</b></td>
<td width="10%"><b>Time (seconds)</b></td>
<td><b>Instance</b></td>
</tr>
<tr>
<td title='DemoProject.TestCases.Testcase.logout()'><b>logout</b><br>Test class: DemoProject.TestCases.Testcase</td>
<td><div><pre>java.lang.AssertionError: Failed the test - invalid selector: Unable to locate an element with the xpath expression li[class=&apos;dropdown open&apos;] li:nth-child(4) a:nth-child(1) because of the following error:
SyntaxError: Failed to execute &apos;evaluate&apos; on &apos;Document&apos;: The string &apos;li[class=&apos;dropdown open&apos;] li:nth-child(4) a:nth-child(1)&apos; is not a valid XPath expression.
  (Session info: chrome=92.0.4515.159)
For documentation on this error, please visit: https://www.seleniumhq.org/exceptions/invalid_selector_exception.html
Build info: version: &apos;3.141.59&apos;, revision: &apos;e82be7d358&apos;, time: &apos;2018-11-14T08:17:03&apos;
System info: host: &apos;GAURAV-PC&apos;, ip: &apos;192.168.32.143&apos;, os.name: &apos;Windows 7&apos;, os.arch: &apos;amd64&apos;, os.version: &apos;6.1&apos;, java.version: &apos;1.8.0_111&apos;
Driver info: org.openqa.selenium.chrome.ChromeDriver
Capabilities {acceptInsecureCerts: false, browserName: chrome, browserVersion: 92.0.4515.159, chrome: {chromedriverVersion: 92.0.4515.107 (87a818b10553..., userDataDir: C:\Users\Gaurav\AppData\Loc...}, goog:chromeOptions: {debuggerAddress: localhost:58400}, javascriptEnabled: true, networkConnectionEnabled: false, pageLoadStrategy: normal, platform: WINDOWS, platformName: WINDOWS, proxy: Proxy(), setWindowRect: true, strictFileInteractability: false, timeouts: {implicit: 0, pageLoad: 300000, script: 30000}, unhandledPromptBehavior: dismiss and notify, webauthn:extension:credBlob: true, webauthn:extension:largeBlob: true, webauthn:virtualAuthenticators: true}
Session ID: 1a3f3f5f4f2ebcbbc2061a7122e6d20b
*** Element info: {Using=xpath, value=li[class=&apos;dropdown open&apos;] li:nth-child(4) a:nth-child(1)}
	at DemoProject.DemoProject.GenericFunctions.getElement(GenericFunctions.java:54)
	at DemoProject.DemoProject.GenericFunctions.logout(GenericFunctions.java:118)
... Removed 23 stack frames</pre></div><a href='#' onClick='toggleBox("stack-trace1801422599", this, "Click to show all stack frames", "Click to hide stack frames")'>Click to show all stack frames</a>
<div class='stack-trace' id='stack-trace1801422599'><pre>java.lang.AssertionError: Failed the test - invalid selector: Unable to locate an element with the xpath expression li[class=&apos;dropdown open&apos;] li:nth-child(4) a:nth-child(1) because of the following error:
SyntaxError: Failed to execute &apos;evaluate&apos; on &apos;Document&apos;: The string &apos;li[class=&apos;dropdown open&apos;] li:nth-child(4) a:nth-child(1)&apos; is not a valid XPath expression.
  (Session info: chrome=92.0.4515.159)
For documentation on this error, please visit: https://www.seleniumhq.org/exceptions/invalid_selector_exception.html
Build info: version: &apos;3.141.59&apos;, revision: &apos;e82be7d358&apos;, time: &apos;2018-11-14T08:17:03&apos;
System info: host: &apos;GAURAV-PC&apos;, ip: &apos;192.168.32.143&apos;, os.name: &apos;Windows 7&apos;, os.arch: &apos;amd64&apos;, os.version: &apos;6.1&apos;, java.version: &apos;1.8.0_111&apos;
Driver info: org.openqa.selenium.chrome.ChromeDriver
Capabilities {acceptInsecureCerts: false, browserName: chrome, browserVersion: 92.0.4515.159, chrome: {chromedriverVersion: 92.0.4515.107 (87a818b10553..., userDataDir: C:\Users\Gaurav\AppData\Loc...}, goog:chromeOptions: {debuggerAddress: localhost:58400}, javascriptEnabled: true, networkConnectionEnabled: false, pageLoadStrategy: normal, platform: WINDOWS, platformName: WINDOWS, proxy: Proxy(), setWindowRect: true, strictFileInteractability: false, timeouts: {implicit: 0, pageLoad: 300000, script: 30000}, unhandledPromptBehavior: dismiss and notify, webauthn:extension:credBlob: true, webauthn:extension:largeBlob: true, webauthn:virtualAuthenticators: true}
Session ID: 1a3f3f5f4f2ebcbbc2061a7122e6d20b
*** Element info: {Using=xpath, value=li[class=&apos;dropdown open&apos;] li:nth-child(4) a:nth-child(1)}
	at org.testng.Assert.fail(Assert.java:94)
	at DemoProject.DemoProject.GenericFunctions.getElement(GenericFunctions.java:54)
	at DemoProject.DemoProject.GenericFunctions.logout(GenericFunctions.java:118)
	at sun.reflect.NativeMethodAccessorImpl.invoke0(Native Method)
	at sun.reflect.NativeMethodAccessorImpl.invoke(Unknown Source)
	at sun.reflect.DelegatingMethodAccessorImpl.invoke(Unknown Source)
	at java.lang.reflect.Method.invoke(Unknown Source)
	at org.testng.internal.MethodInvocationHelper.invokeMethod(MethodInvocationHelper.java:86)
	at org.testng.internal.Invoker.invokeConfigurationMethod(Invoker.java:514)
	at org.testng.internal.Invoker.invokeConfigurations(Invoker.java:215)
	at org.testng.internal.Invoker.invokeConfigurations(Invoker.java:142)
	at org.testng.TestRunner.afterRun(TestRunner.java:1012)
	at org.testng.TestRunner.run(TestRunner.java:636)
	at org.testng.SuiteRunner.runTest(SuiteRunner.java:366)
	at org.testng.SuiteRunner.runSequentially(SuiteRunner.java:361)
	at org.testng.SuiteRunner.privateRun(SuiteRunner.java:319)
	at org.testng.SuiteRunner.run(SuiteRunner.java:268)
	at org.testng.SuiteRunnerWorker.runSuite(SuiteRunnerWorker.java:52)
	at org.testng.SuiteRunnerWorker.run(SuiteRunnerWorker.java:86)
	at org.testng.TestNG.runSuitesSequentially(TestNG.java:1244)
	at org.testng.TestNG.runSuitesLocally(TestNG.java:1169)
	at org.testng.TestNG.run(TestNG.java:1064)
	at org.testng.remote.AbstractRemoteTestNG.run(AbstractRemoteTestNG.java:126)
	at org.testng.remote.RemoteTestNG.initAndRun(RemoteTestNG.java:137)
	at org.testng.remote.RemoteTestNG.main(RemoteTestNG.java:58)
</pre></div></td>
<td>0</td>
<td>null</td></tr>
</table><p>
<table width='100%' border='1' class='invocation-passed'>
<tr><td colspan='4' align='center'><b>PASSED TESTS</b></td></tr>
<tr><td><b>Test method</b></td>
<td width="30%"><b>Exception</b></td>
<td width="10%"><b>Time (seconds)</b></td>
<td><b>Instance</b></td>
</tr>
<tr>
<td title='DemoProject.TestCases.Testcase.GenerateToken()'><b>GenerateToken</b><br>Test class: DemoProject.TestCases.Testcase</td>
<td></td>
<td>16</td>
<td>DemoProject.TestCases.Testcase@48aca48b</td></tr>
<tr>
<td title='DemoProject.TestCases.Testcase.Login()'><b>Login</b><br>Test class: DemoProject.TestCases.Testcase</td>
<td></td>
<td>26</td>
<td>DemoProject.TestCases.Testcase@48aca48b</td></tr>
<tr>
<td title='DemoProject.TestCases.Testcase.addagent()'><b>addagent</b><br>Test class: DemoProject.TestCases.Testcase</td>
<td></td>
<td>12</td>
<td>DemoProject.TestCases.Testcase@48aca48b</td></tr>
<tr>
<td title='DemoProject.TestCases.Testcase.addautoattedant()'><b>addautoattedant</b><br>Test class: DemoProject.TestCases.Testcase</td>
<td></td>
<td>15</td>
<td>DemoProject.TestCases.Testcase@48aca48b</td></tr>
<tr>
<td title='DemoProject.TestCases.Testcase.uploadrecording()'><b>uploadrecording</b><br>Test class: DemoProject.TestCases.Testcase</td>
<td></td>
<td>43</td>
<td>DemoProject.TestCases.Testcase@48aca48b</td></tr>
</table><p>
</body>
</html>