<?xml version="1.0" encoding="UTF-8"?>
<!-- Generated by org.testng.reporters.JUnitXMLReporter -->
<testsuite hostname="Gaurav-PC" name="Demo Test" tests="5" failures="0" timestamp="29 Aug 2021 04:37:29 GMT" time="118.04" errors="0">
  <testcase name="@AfterTest logout" time="0.0" classname="DemoProject.TestCases.Testcase">
    <failure type="java.lang.AssertionError" message="Failed the test - invalid selector: Unable to locate an element with the xpath expression li[class=&amp;apos;dropdown open&amp;apos;] li:nth-child(4) a:nth-child(1) because of the following error:
SyntaxError: Failed to execute &amp;apos;evaluate&amp;apos; on &amp;apos;Document&amp;apos;: The string &amp;apos;li[class=&amp;apos;dropdown open&amp;apos;] li:nth-child(4) a:nth-child(1)&amp;apos; is not a valid XPath expression.
  (Session info: chrome=92.0.4515.159)
For documentation on this error, please visit: https://www.seleniumhq.org/exceptions/invalid_selector_exception.html
Build info: version: &amp;apos;3.141.59&amp;apos;, revision: &amp;apos;e82be7d358&amp;apos;, time: &amp;apos;2018-11-14T08:17:03&amp;apos;
System info: host: &amp;apos;GAURAV-PC&amp;apos;, ip: &amp;apos;192.168.32.143&amp;apos;, os.name: &amp;apos;Windows 7&amp;apos;, os.arch: &amp;apos;amd64&amp;apos;, os.version: &amp;apos;6.1&amp;apos;, java.version: &amp;apos;1.8.0_111&amp;apos;
Driver info: org.openqa.selenium.chrome.ChromeDriver
Capabilities {acceptInsecureCerts: false, browserName: chrome, browserVersion: 92.0.4515.159, chrome: {chromedriverVersion: 92.0.4515.107 (87a818b10553..., userDataDir: C:\Users\Gaurav\AppData\Loc...}, goog:chromeOptions: {debuggerAddress: localhost:58400}, javascriptEnabled: true, networkConnectionEnabled: false, pageLoadStrategy: normal, platform: WINDOWS, platformName: WINDOWS, proxy: Proxy(), setWindowRect: true, strictFileInteractability: false, timeouts: {implicit: 0, pageLoad: 300000, script: 30000}, unhandledPromptBehavior: dismiss and notify, webauthn:extension:credBlob: true, webauthn:extension:largeBlob: true, webauthn:virtualAuthenticators: true}
Session ID: 1a3f3f5f4f2ebcbbc2061a7122e6d20b
*** Element info: {Using=xpath, value=li[class=&amp;apos;dropdown open&amp;apos;] li:nth-child(4) a:nth-child(1)}">
      <![CDATA[java.lang.AssertionError: Failed the test - invalid selector: Unable to locate an element with the xpath expression li[class='dropdown open'] li:nth-child(4) a:nth-child(1) because of the following error:
SyntaxError: Failed to execute 'evaluate' on 'Document': The string 'li[class='dropdown open'] li:nth-child(4) a:nth-child(1)' is not a valid XPath expression.
  (Session info: chrome=92.0.4515.159)
For documentation on this error, please visit: https://www.seleniumhq.org/exceptions/invalid_selector_exception.html
Build info: version: '3.141.59', revision: 'e82be7d358', time: '2018-11-14T08:17:03'
System info: host: 'GAURAV-PC', ip: '192.168.32.143', os.name: 'Windows 7', os.arch: 'amd64', os.version: '6.1', java.version: '1.8.0_111'
Driver info: org.openqa.selenium.chrome.ChromeDriver
Capabilities {acceptInsecureCerts: false, browserName: chrome, browserVersion: 92.0.4515.159, chrome: {chromedriverVersion: 92.0.4515.107 (87a818b10553..., userDataDir: C:\Users\Gaurav\AppData\Loc...}, goog:chromeOptions: {debuggerAddress: localhost:58400}, javascriptEnabled: true, networkConnectionEnabled: false, pageLoadStrategy: normal, platform: WINDOWS, platformName: WINDOWS, proxy: Proxy(), setWindowRect: true, strictFileInteractability: false, timeouts: {implicit: 0, pageLoad: 300000, script: 30000}, unhandledPromptBehavior: dismiss and notify, webauthn:extension:credBlob: true, webauthn:extension:largeBlob: true, webauthn:virtualAuthenticators: true}
Session ID: 1a3f3f5f4f2ebcbbc2061a7122e6d20b
*** Element info: {Using=xpath, value=li[class='dropdown open'] li:nth-child(4) a:nth-child(1)}
	at DemoProject.DemoProject.GenericFunctions.getElement(GenericFunctions.java:54)
	at DemoProject.DemoProject.GenericFunctions.logout(GenericFunctions.java:118)
... Removed 23 stack frames]]>
    </failure>
  </testcase> <!-- @AfterTest logout -->
  <testcase name="Login" time="26.24" classname="DemoProject.TestCases.Testcase"/>
  <testcase name="uploadrecording" time="43.346" classname="DemoProject.TestCases.Testcase"/>
  <testcase name="GenerateToken" time="16.124" classname="DemoProject.TestCases.Testcase"/>
  <testcase name="addagent" time="12.998" classname="DemoProject.TestCases.Testcase"/>
  <testcase name="addautoattedant" time="15.982" classname="DemoProject.TestCases.Testcase"/>
</testsuite> <!-- Demo Test -->
