<?xml version="1.0" encoding="UTF-8"?>
<testng-results skipped="0" failed="0" total="5" passed="5">
  <reporter-output>
  </reporter-output>
  <suite name="Suite" duration-ms="118040" started-at="2021-08-29T04:35:31Z" finished-at="2021-08-29T04:37:29Z">
    <groups>
    </groups>
    <test name="Demo Test" duration-ms="118040" started-at="2021-08-29T04:35:31Z" finished-at="2021-08-29T04:37:29Z">
      <class name="DemoProject.TestCases.Testcase">
        <test-method status="PASS" signature="initpropfile()[pri:0, instance:DemoProject.TestCases.Testcase@48aca48b]" name="initpropfile" is-config="true" duration-ms="33" started-at="2021-08-29T10:05:31Z" finished-at="2021-08-29T10:05:31Z">
          <reporter-output>
          </reporter-output>
        </test-method> <!-- initpropfile -->
        <test-method status="PASS" signature="openBrowser(java.lang.String)[pri:0, instance:DemoProject.TestCases.Testcase@48aca48b]" name="openBrowser" is-config="true" duration-ms="3081" started-at="2021-08-29T10:05:31Z" finished-at="2021-08-29T10:05:34Z">
          <params>
            <param index="0">
              <value>
                <![CDATA[Chrome]]>
              </value>
            </param>
          </params>
          <reporter-output>
          </reporter-output>
        </test-method> <!-- openBrowser -->
        <test-method status="PASS" signature="Login()[pri:1, instance:DemoProject.TestCases.Testcase@48aca48b]" name="Login" duration-ms="26240" started-at="2021-08-29T10:05:34Z" finished-at="2021-08-29T10:06:00Z">
          <reporter-output>
          </reporter-output>
        </test-method> <!-- Login -->
        <test-method status="PASS" signature="teardown(org.testng.ITestResult, java.lang.String)[pri:0, instance:DemoProject.TestCases.Testcase@48aca48b]" name="teardown" is-config="true" duration-ms="0" started-at="2021-08-29T10:06:00Z" finished-at="2021-08-29T10:06:00Z">
          <params>
            <param index="0">
              <value>
                <![CDATA[[TestResult name=Login status=SUCCESS method=Testcase.Login()[pri:1, instance:DemoProject.TestCases.Testcase@48aca48b] output={null}]]]>
              </value>
            </param>
            <param index="1">
              <value>
                <![CDATA[Chrome]]>
              </value>
            </param>
          </params>
          <reporter-output>
          </reporter-output>
        </test-method> <!-- teardown -->
        <test-method status="PASS" signature="uploadrecording()[pri:2, instance:DemoProject.TestCases.Testcase@48aca48b]" name="uploadrecording" duration-ms="43346" started-at="2021-08-29T10:06:00Z" finished-at="2021-08-29T10:06:44Z">
          <reporter-output>
          </reporter-output>
        </test-method> <!-- uploadrecording -->
        <test-method status="PASS" signature="teardown(org.testng.ITestResult, java.lang.String)[pri:0, instance:DemoProject.TestCases.Testcase@48aca48b]" name="teardown" is-config="true" duration-ms="0" started-at="2021-08-29T10:06:44Z" finished-at="2021-08-29T10:06:44Z">
          <params>
            <param index="0">
              <value>
                <![CDATA[[TestResult name=uploadrecording status=SUCCESS method=Testcase.uploadrecording()[pri:2, instance:DemoProject.TestCases.Testcase@48aca48b] output={null}]]]>
              </value>
            </param>
            <param index="1">
              <value>
                <![CDATA[Chrome]]>
              </value>
            </param>
          </params>
          <reporter-output>
          </reporter-output>
        </test-method> <!-- teardown -->
        <test-method status="PASS" signature="GenerateToken()[pri:3, instance:DemoProject.TestCases.Testcase@48aca48b]" name="GenerateToken" duration-ms="16124" started-at="2021-08-29T10:06:44Z" finished-at="2021-08-29T10:07:00Z">
          <reporter-output>
          </reporter-output>
        </test-method> <!-- GenerateToken -->
        <test-method status="PASS" signature="teardown(org.testng.ITestResult, java.lang.String)[pri:0, instance:DemoProject.TestCases.Testcase@48aca48b]" name="teardown" is-config="true" duration-ms="3" started-at="2021-08-29T10:07:00Z" finished-at="2021-08-29T10:07:00Z">
          <params>
            <param index="0">
              <value>
                <![CDATA[[TestResult name=GenerateToken status=SUCCESS method=Testcase.GenerateToken()[pri:3, instance:DemoProject.TestCases.Testcase@48aca48b] output={null}]]]>
              </value>
            </param>
            <param index="1">
              <value>
                <![CDATA[Chrome]]>
              </value>
            </param>
          </params>
          <reporter-output>
          </reporter-output>
        </test-method> <!-- teardown -->
        <test-method status="PASS" signature="addagent()[pri:4, instance:DemoProject.TestCases.Testcase@48aca48b]" name="addagent" duration-ms="12998" started-at="2021-08-29T10:07:00Z" finished-at="2021-08-29T10:07:13Z">
          <reporter-output>
          </reporter-output>
        </test-method> <!-- addagent -->
        <test-method status="PASS" signature="teardown(org.testng.ITestResult, java.lang.String)[pri:0, instance:DemoProject.TestCases.Testcase@48aca48b]" name="teardown" is-config="true" duration-ms="0" started-at="2021-08-29T10:07:13Z" finished-at="2021-08-29T10:07:13Z">
          <params>
            <param index="0">
              <value>
                <![CDATA[[TestResult name=addagent status=SUCCESS method=Testcase.addagent()[pri:4, instance:DemoProject.TestCases.Testcase@48aca48b] output={null}]]]>
              </value>
            </param>
            <param index="1">
              <value>
                <![CDATA[Chrome]]>
              </value>
            </param>
          </params>
          <reporter-output>
          </reporter-output>
        </test-method> <!-- teardown -->
        <test-method status="PASS" signature="addautoattedant()[pri:5, instance:DemoProject.TestCases.Testcase@48aca48b]" name="addautoattedant" duration-ms="15982" started-at="2021-08-29T10:07:13Z" finished-at="2021-08-29T10:07:29Z">
          <reporter-output>
          </reporter-output>
        </test-method> <!-- addautoattedant -->
        <test-method status="PASS" signature="teardown(org.testng.ITestResult, java.lang.String)[pri:0, instance:DemoProject.TestCases.Testcase@48aca48b]" name="teardown" is-config="true" duration-ms="1" started-at="2021-08-29T10:07:29Z" finished-at="2021-08-29T10:07:29Z">
          <params>
            <param index="0">
              <value>
                <![CDATA[[TestResult name=addautoattedant status=SUCCESS method=Testcase.addautoattedant()[pri:5, instance:DemoProject.TestCases.Testcase@48aca48b] output={null}]]]>
              </value>
            </param>
            <param index="1">
              <value>
                <![CDATA[Chrome]]>
              </value>
            </param>
          </params>
          <reporter-output>
          </reporter-output>
        </test-method> <!-- teardown -->
        <test-method status="FAIL" signature="logout()[pri:0, instance:DemoProject.TestCases.Testcase@48aca48b]" name="logout" is-config="true" duration-ms="0" started-at="2021-08-29T10:07:29Z" finished-at="2021-08-29T10:07:29Z">
          <exception class="java.lang.AssertionError">
            <message>
              <![CDATA[Failed the test - invalid selector: Unable to locate an element with the xpath expression li[class='dropdown open'] li:nth-child(4) a:nth-child(1) because of the following error:
SyntaxError: Failed to execute 'evaluate' on 'Document': The string 'li[class='dropdown open'] li:nth-child(4) a:nth-child(1)' is not a valid XPath expression.
  (Session info: chrome=92.0.4515.159)
For documentation on this error, please visit: https://www.seleniumhq.org/exceptions/invalid_selector_exception.html
Build info: version: '3.141.59', revision: 'e82be7d358', time: '2018-11-14T08:17:03'
System info: host: 'GAURAV-PC', ip: '192.168.32.143', os.name: 'Windows 7', os.arch: 'amd64', os.version: '6.1', java.version: '1.8.0_111'
Driver info: org.openqa.selenium.chrome.ChromeDriver
Capabilities {acceptInsecureCerts: false, browserName: chrome, browserVersion: 92.0.4515.159, chrome: {chromedriverVersion: 92.0.4515.107 (87a818b10553..., userDataDir: C:\Users\Gaurav\AppData\Loc...}, goog:chromeOptions: {debuggerAddress: localhost:58400}, javascriptEnabled: true, networkConnectionEnabled: false, pageLoadStrategy: normal, platform: WINDOWS, platformName: WINDOWS, proxy: Proxy(), setWindowRect: true, strictFileInteractability: false, timeouts: {implicit: 0, pageLoad: 300000, script: 30000}, unhandledPromptBehavior: dismiss and notify, webauthn:extension:credBlob: true, webauthn:extension:largeBlob: true, webauthn:virtualAuthenticators: true}
Session ID: 1a3f3f5f4f2ebcbbc2061a7122e6d20b
*** Element info: {Using=xpath, value=li[class='dropdown open'] li:nth-child(4) a:nth-child(1)}]]>
            </message>
            <full-stacktrace>
              <![CDATA[java.lang.AssertionError: Failed the test - invalid selector: Unable to locate an element with the xpath expression li[class='dropdown open'] li:nth-child(4) a:nth-child(1) because of the following error:
SyntaxError: Failed to execute 'evaluate' on 'Document': The string 'li[class='dropdown open'] li:nth-child(4) a:nth-child(1)' is not a valid XPath expression.
  (Session info: chrome=92.0.4515.159)
For documentation on this error, please visit: https://www.seleniumhq.org/exceptions/invalid_selector_exception.html
Build info: version: '3.141.59', revision: 'e82be7d358', time: '2018-11-14T08:17:03'
System info: host: 'GAURAV-PC', ip: '192.168.32.143', os.name: 'Windows 7', os.arch: 'amd64', os.version: '6.1', java.version: '1.8.0_111'
Driver info: org.openqa.selenium.chrome.ChromeDriver
Capabilities {acceptInsecureCerts: false, browserName: chrome, browserVersion: 92.0.4515.159, chrome: {chromedriverVersion: 92.0.4515.107 (87a818b10553..., userDataDir: C:\Users\Gaurav\AppData\Loc...}, goog:chromeOptions: {debuggerAddress: localhost:58400}, javascriptEnabled: true, networkConnectionEnabled: false, pageLoadStrategy: normal, platform: WINDOWS, platformName: WINDOWS, proxy: Proxy(), setWindowRect: true, strictFileInteractability: false, timeouts: {implicit: 0, pageLoad: 300000, script: 30000}, unhandledPromptBehavior: dismiss and notify, webauthn:extension:credBlob: true, webauthn:extension:largeBlob: true, webauthn:virtualAuthenticators: true}
Session ID: 1a3f3f5f4f2ebcbbc2061a7122e6d20b
*** Element info: {Using=xpath, value=li[class='dropdown open'] li:nth-child(4) a:nth-child(1)}
	at org.testng.Assert.fail(Assert.java:94)
	at DemoProject.DemoProject.GenericFunctions.getElement(GenericFunctions.java:54)
	at DemoProject.DemoProject.GenericFunctions.logout(GenericFunctions.java:118)
	at sun.reflect.NativeMethodAccessorImpl.invoke0(Native Method)
	at sun.reflect.NativeMethodAccessorImpl.invoke(Unknown Source)
	at sun.reflect.DelegatingMethodAccessorImpl.invoke(Unknown Source)
	at java.lang.reflect.Method.invoke(Unknown Source)
	at org.testng.internal.MethodInvocationHelper.invokeMethod(MethodInvocationHelper.java:86)
	at org.testng.internal.Invoker.invokeConfigurationMethod(Invoker.java:514)
	at org.testng.internal.Invoker.invokeConfigurations(Invoker.java:215)
	at org.testng.internal.Invoker.invokeConfigurations(Invoker.java:142)
	at org.testng.TestRunner.afterRun(TestRunner.java:1012)
	at org.testng.TestRunner.run(TestRunner.java:636)
	at org.testng.SuiteRunner.runTest(SuiteRunner.java:366)
	at org.testng.SuiteRunner.runSequentially(SuiteRunner.java:361)
	at org.testng.SuiteRunner.privateRun(SuiteRunner.java:319)
	at org.testng.SuiteRunner.run(SuiteRunner.java:268)
	at org.testng.SuiteRunnerWorker.runSuite(SuiteRunnerWorker.java:52)
	at org.testng.SuiteRunnerWorker.run(SuiteRunnerWorker.java:86)
	at org.testng.TestNG.runSuitesSequentially(TestNG.java:1244)
	at org.testng.TestNG.runSuitesLocally(TestNG.java:1169)
	at org.testng.TestNG.run(TestNG.java:1064)
	at org.testng.remote.AbstractRemoteTestNG.run(AbstractRemoteTestNG.java:126)
	at org.testng.remote.RemoteTestNG.initAndRun(RemoteTestNG.java:137)
	at org.testng.remote.RemoteTestNG.main(RemoteTestNG.java:58)
]]>
            </full-stacktrace>
          </exception> <!-- java.lang.AssertionError -->
          <reporter-output>
          </reporter-output>
        </test-method> <!-- logout -->
      </class> <!-- DemoProject.TestCases.Testcase -->
    </test> <!-- Demo Test -->
  </suite> <!-- Suite -->
</testng-results>
